<?xml version="1.0" encoding="UTF-8"?>
<!-- Generated by org.testng.reporters.JUnitReportReporter -->
<testsuite hostname="NM" failures="0" tests="1" name="com.todos.tests.AddTodoTest" time="9.147" errors="0" timestamp="12 Feb 2021 19:39:29 GMT">
  <testcase classname="com.todos.tests.AddTodoTest" name="iCanAddTodo" time="9.147"/>
</testsuite> <!-- com.todos.tests.AddTodoTest -->
