<?xml version="1.0" encoding="UTF-8"?>
<!-- Generated by org.testng.reporters.JUnitReportReporter -->
<testsuite hostname="NM" failures="0" tests="1" name="com.todos.tests.AddTodoTest" time="14.500" errors="0" timestamp="13 Feb 2021 09:26:49 GMT">
  <testcase classname="com.todos.tests.AddTodoTest" name="iCanAddTodo" time="14.500"/>
</testsuite> <!-- com.todos.tests.AddTodoTest -->
